<?xml version="1.0" encoding="UTF-8"?>
<testng-results skipped="0" failed="0" ignored="0" total="0" passed="0">
  <reporter-output>
  </reporter-output>
  <suite name="Jenkins_test.Jenkins_test.AppTest" duration-ms="16" started-at="2020-02-12T17:26:16Z" finished-at="2020-02-12T17:26:16Z">
    <groups>
    </groups>
    <test name="Command line test" duration-ms="16" started-at="2020-02-12T17:26:16Z" finished-at="2020-02-12T17:26:16Z">
    </test> <!-- Command line test -->
  </suite> <!-- Jenkins_test.Jenkins_test.AppTest -->
</testng-results>
