<?xml version="1.0" encoding="UTF-8"?>
<testng-results skipped="0" failed="0" ignored="0" total="1" passed="1">
  <reporter-output>
  </reporter-output>
  <suite name="Suite" duration-ms="19690" started-at="2020-02-12T17:23:11Z" finished-at="2020-02-12T17:23:31Z">
    <groups>
    </groups>
    <test name="Test" duration-ms="19690" started-at="2020-02-12T17:23:11Z" finished-at="2020-02-12T17:23:31Z">
      <class name="com.Jenkinstest.newtours.login.NewTours_Login_Testcase">
        <test-method status="PASS" signature="VerifyLogin()[pri:0, instance:com.Jenkinstest.newtours.login.NewTours_Login_Testcase@29774679]" name="VerifyLogin" duration-ms="19586" started-at="2020-02-12T17:23:11Z" finished-at="2020-02-12T17:23:31Z">
          <reporter-output>
          </reporter-output>
        </test-method> <!-- VerifyLogin -->
      </class> <!-- com.Jenkinstest.newtours.login.NewTours_Login_Testcase -->
    </test> <!-- Test -->
  </suite> <!-- Suite -->
</testng-results>
